#
# A fatal error has been detected by the Java Runtime Environment:
#
#  EXCEPTION_ACCESS_VIOLATION (0xc0000005) at pc=0x00007ff8ef9fa32c, pid=52004, tid=0x000000000000ddc0
#
# JRE version: Java(TM) SE Runtime Environment (8.0_152-b16) (build 1.8.0_152-b16)
# Java VM: Java HotSpot(TM) 64-Bit Server VM (25.152-b16 mixed mode windows-amd64 compressed oops)
# Problematic frame:
# C  [nvd3dumx.dll+0x99a32c]
#
# Failed to write core dump. Minidumps are not enabled by default on client versions of Windows
#
# If you would like to submit a bug report, please visit:
#   http://bugreport.java.com/bugreport/crash.jsp
# The crash happened outside the Java Virtual Machine in native code.
# See problematic frame for where to report the bug.
#

---------------  T H R E A D  ---------------

Current thread (0x0000000021bc7000):  JavaThread "AWT-Windows" daemon [_thread_in_native, id=56768, stack(0x0000000022550000,0x0000000022650000)]

siginfo: ExceptionCode=0xc0000005, reading address 0x0000000000000010

Registers:
RAX=0x0000000000000000, RBX=0x000000002264b4b0, RCX=0x0000000022edea40, RDX=0x0000000000000001
RSP=0x000000002264b080, RBP=0x000000002264b580, RSI=0x0000000022ec3078, RDI=0x0000000022ec3060
R8 =0x0000000000000201, R9 =0x0000000000000001, R10=0x00000000031681d0, R11=0x000000002264b0a0
R12=0x0000000000000008, R13=0x0000000000000001, R14=0x0000000000000000, R15=0x0000000000000001
RIP=0x00007ff8ef9fa32c, EFLAGS=0x0000000000010246

Top of Stack: (sp=0x000000002264b080)
0x000000002264b080:   0000000000000000 0000000000000800
0x000000002264b090:   0000000000002000 000000002264b0e0
0x000000002264b0a0:   0000000000000000 0000000000000000
0x000000002264b0b0:   0000000000000001 00000000031a0fe0
0x000000002264b0c0:   0000000000000000 0000000000000000
0x000000002264b0d0:   0000000000000000 0000000000000000
0x000000002264b0e0:   0000000000000000 0000000000000000
0x000000002264b0f0:   0000000000000000 0000000000000000
0x000000002264b100:   0000000000000000 0000000000000000
0x000000002264b110:   0000000000000000 0000000000000000
0x000000002264b120:   0000000000000000 0000000000000000
0x000000002264b130:   0000000000000000 0000000000000000
0x000000002264b140:   0000000000000000 0000000000000000
0x000000002264b150:   0000000000000000 0000000000000000
0x000000002264b160:   0000000000000000 0000000000000000
0x000000002264b170:   0000000000000000 0000000000000000 

Instructions: (pc=0x00007ff8ef9fa32c)
0x00007ff8ef9fa30c:   4e 40 48 89 8c 24 38 02 00 00 c7 84 24 44 02 00
0x00007ff8ef9fa31c:   00 00 00 00 00 89 84 24 40 02 00 00 49 8b 42 70
0x00007ff8ef9fa32c:   48 8b 40 10 48 85 c0 74 06 48 83 c0 50 eb 05 b8
0x00007ff8ef9fa33c:   40 00 00 00 48 8b 00 48 89 44 24 20 49 8b 42 70 


Register to memory mapping:

RAX=0x0000000000000000 is an unknown value
RBX=0x000000002264b4b0 is pointing into the stack for thread: 0x0000000021bc7000
RCX=0x0000000022edea40 is an unknown value
RDX=0x0000000000000001 is an unknown value
RSP=0x000000002264b080 is pointing into the stack for thread: 0x0000000021bc7000
RBP=0x000000002264b580 is pointing into the stack for thread: 0x0000000021bc7000
RSI=0x0000000022ec3078 is an unknown value
RDI=0x0000000022ec3060 is an unknown value
R8 =0x0000000000000201 is an unknown value
R9 =0x0000000000000001 is an unknown value
R10=0x00000000031681d0 is an unknown value
R11=0x000000002264b0a0 is pointing into the stack for thread: 0x0000000021bc7000
R12=0x0000000000000008 is an unknown value
R13=0x0000000000000001 is an unknown value
R14=0x0000000000000000 is an unknown value
R15=0x0000000000000001 is an unknown value


Stack: [0x0000000022550000,0x0000000022650000],  sp=0x000000002264b080,  free space=1004k
Native frames: (J=compiled Java code, j=interpreted, Vv=VM code, C=native code)
C  [nvd3dumx.dll+0x99a32c]
C  [nvd3dumx.dll+0x99a910]
C  [nvd3dumx.dll+0x99a23c]
C  [nvd3dumx.dll+0x9a0d1d]
C  [nvd3dumx.dll+0x9b7127]
C  [nvd3dumx.dll+0x9b7848]
C  [nvd3dumx.dll+0x95b599]
C  [nvd3dumx.dll+0x7e2bb4]
C  [nvd3dumx.dll+0x7c837a]
C  [nvd3dumx.dll+0x7e0bc8]
C  [nvd3dumx.dll+0x956dba]
C  [nvd3dumx.dll+0x91c9e4]
C  [nvd3dumx.dll+0x9b0afd]
C  [nvd3dumx.dll+0x99e5ff]
C  [nvd3dumx.dll+0x99f255]
C  [nvd3dumx.dll+0x96ec4a]
C  [d3d9.dll+0x29621]
C  [d3d9.dll+0x274d7]
C  [d3d9.dll+0x25cf2]
C  [d3d9.dll+0x29b32]
C  [d3d9.dll+0x25958]
C  [d3d9.dll+0x22574]
C  [awt.dll+0x19e9d]
C  [awt.dll+0x19ffb]
C  [awt.dll+0x1a9af]
C  [awt.dll+0x1e535]
C  [awt.dll+0x1b679]
C  0x0000000005007f74

Java frames: (J=compiled Java code, j=interpreted, Vv=VM code)
j  sun.java2d.d3d.D3DGraphicsDevice.getDeviceCapsNative(I)I+0
j  sun.java2d.d3d.D3DGraphicsDevice.access$000(I)I+1
j  sun.java2d.d3d.D3DGraphicsDevice$1.run()V+8
v  ~StubRoutines::call_stub
j  sun.awt.windows.WToolkit.eventLoop()V+0
j  sun.awt.windows.WToolkit.run()V+58
j  java.lang.Thread.run()V+11
v  ~StubRoutines::call_stub

---------------  P R O C E S S  ---------------

Java Threads: ( => current thread )
  0x00000000220d0000 JavaThread "TimerQueue" daemon [_thread_blocked, id=56792, stack(0x0000000024260000,0x0000000024360000)]
  0x0000000004ef3800 JavaThread "DestroyJavaVM" [_thread_blocked, id=52368, stack(0x0000000004d10000,0x0000000004e10000)]
  0x0000000021bd0000 JavaThread "AWT-EventQueue-0" [_thread_in_native, id=49124, stack(0x0000000022930000,0x0000000022a30000)]
=>0x0000000021bc7000 JavaThread "AWT-Windows" daemon [_thread_in_native, id=56768, stack(0x0000000022550000,0x0000000022650000)]
  0x0000000021c20000 JavaThread "AWT-Shutdown" [_thread_blocked, id=43988, stack(0x0000000022450000,0x0000000022550000)]
  0x0000000021c1f800 JavaThread "Java2D Disposer" daemon [_thread_blocked, id=101796, stack(0x0000000022350000,0x0000000022450000)]
  0x0000000020a3f800 JavaThread "Service Thread" daemon [_thread_blocked, id=75364, stack(0x0000000021590000,0x0000000021690000)]
  0x00000000209a8000 JavaThread "C1 CompilerThread3" daemon [_thread_blocked, id=56884, stack(0x0000000021490000,0x0000000021590000)]
  0x00000000209a2800 JavaThread "C2 CompilerThread2" daemon [_thread_blocked, id=54780, stack(0x0000000021390000,0x0000000021490000)]
  0x00000000209a1000 JavaThread "C2 CompilerThread1" daemon [_thread_blocked, id=41716, stack(0x0000000021290000,0x0000000021390000)]
  0x000000002099c000 JavaThread "C2 CompilerThread0" daemon [_thread_blocked, id=37812, stack(0x0000000021190000,0x0000000021290000)]
  0x000000002099b000 JavaThread "Attach Listener" daemon [_thread_blocked, id=33352, stack(0x0000000021090000,0x0000000021190000)]
  0x000000001eabe000 JavaThread "Signal Dispatcher" daemon [_thread_blocked, id=56024, stack(0x0000000020f90000,0x0000000021090000)]
  0x0000000020990800 JavaThread "Finalizer" daemon [_thread_blocked, id=107572, stack(0x0000000020d70000,0x0000000020e70000)]
  0x0000000004fe9800 JavaThread "Reference Handler" daemon [_thread_blocked, id=51924, stack(0x0000000020870000,0x0000000020970000)]

Other Threads:
  0x000000001eaa9800 VMThread [stack: 0x0000000020770000,0x0000000020870000] [id=53548]
  0x0000000020a7a000 WatcherThread [stack: 0x0000000021a50000,0x0000000021b50000] [id=66964]

VM state:not at safepoint (normal execution)

VM Mutex/Monitor currently owned by a thread: None

Heap:
 PSYoungGen      total 76288K, used 48973K [0x000000076ae00000, 0x0000000770300000, 0x00000007c0000000)
  eden space 65536K, 74% used [0x000000076ae00000,0x000000076ddd35b0,0x000000076ee00000)
  from space 10752K, 0% used [0x000000076f880000,0x000000076f880000,0x0000000770300000)
  to   space 10752K, 0% used [0x000000076ee00000,0x000000076ee00000,0x000000076f880000)
 ParOldGen       total 175104K, used 0K [0x00000006c0a00000, 0x00000006cb500000, 0x000000076ae00000)
  object space 175104K, 0% used [0x00000006c0a00000,0x00000006c0a00000,0x00000006cb500000)
 Metaspace       used 17726K, capacity 17966K, committed 18176K, reserved 1064960K
  class space    used 2430K, capacity 2507K, committed 2560K, reserved 1048576K

Card table byte_map: [0x00000000143b0000,0x0000000014bb0000] byte_map_base: 0x0000000010dab000

Marking Bits: (ParMarkBitMap*) 0x000000006e310860
 Begin Bits: [0x0000000015910000, 0x00000000198e8000)
 End Bits:   [0x00000000198e8000, 0x000000001d8c0000)

Polling page: 0x0000000000bf0000

CodeCache: size=245760Kb used=4753Kb max_used=4764Kb free=241006Kb
 bounds [0x0000000004ff0000, 0x00000000054a0000, 0x0000000013ff0000]
 total_blobs=1813 nmethods=1318 adapters=407
 compilation: enabled

Compilation events (10 events):
Event: 10103.862 Thread 0x00000000209a2800 nmethod 1312 0x0000000005497d50 code [0x0000000005497ea0, 0x0000000005498138]
Event: 10103.862 Thread 0x00000000209a8000 nmethod 1314 0x0000000005496e90 code [0x0000000005497080, 0x0000000005497a08]
Event: 10103.862 Thread 0x00000000209a8000 1315       3       java.awt.Component::updateGraphicsData (38 bytes)
Event: 10103.865 Thread 0x00000000209a8000 nmethod 1315 0x0000000005496490 code [0x0000000005496640, 0x0000000005496ca8]
Event: 10128.175 Thread 0x000000002099c000 1316       4       java.lang.String::compareTo (78 bytes)
Event: 10128.178 Thread 0x000000002099c000 nmethod 1316 0x0000000005499ad0 code [0x0000000005499c20, 0x0000000005499db8]
Event: 10147.446 Thread 0x00000000209a1000 1317       4       sun.java2d.loops.GraphicsPrimitiveMgr::locate (104 bytes)
Event: 10147.448 Thread 0x00000000209a1000 nmethod 1317 0x0000000005499450 code [0x00000000054995a0, 0x00000000054997b8]
Event: 10151.311 Thread 0x00000000209a8000 1318       1       sun.awt.NullComponentPeer::updateGraphicsData (2 bytes)
Event: 10151.311 Thread 0x00000000209a8000 nmethod 1318 0x0000000005499190 code [0x00000000054992e0, 0x00000000054993f0]

GC Heap History (0 events):
No events

Deoptimization events (10 events):
Event: 5.202 Thread 0x0000000021bd0000 Uncommon trap: reason=unstable_if action=reinterpret pc=0x00000000053b11b4 method=java.lang.String.lastIndexOf([CII[CIII)I @ 66
Event: 5.236 Thread 0x0000000021bd0000 Uncommon trap: reason=unstable_if action=reinterpret pc=0x00000000052ddb5c method=java.util.HashMap.getNode(ILjava/lang/Object;)Ljava/util/HashMap$Node; @ 62
Event: 5.237 Thread 0x0000000021bd0000 Uncommon trap: reason=unstable_if action=reinterpret pc=0x0000000005268f74 method=java.util.HashMap.getNode(ILjava/lang/Object;)Ljava/util/HashMap$Node; @ 62
Event: 5.240 Thread 0x0000000021bd0000 Uncommon trap: reason=class_check action=maybe_recompile pc=0x00000000053cdca0 method=java.util.HashMap.putVal(ILjava/lang/Object;Ljava/lang/Object;ZZ)Ljava/lang/Object; @ 253
Event: 5.241 Thread 0x0000000021bd0000 Uncommon trap: reason=class_check action=maybe_recompile pc=0x00000000053cdca0 method=java.util.HashMap.putVal(ILjava/lang/Object;Ljava/lang/Object;ZZ)Ljava/lang/Object; @ 253
Event: 5.241 Thread 0x0000000021bd0000 Uncommon trap: reason=class_check action=maybe_recompile pc=0x00000000053bfee8 method=java.util.HashMap.putVal(ILjava/lang/Object;Ljava/lang/Object;ZZ)Ljava/lang/Object; @ 253
Event: 4382.087 Thread 0x0000000021bd0000 Uncommon trap: reason=bimorphic action=maybe_recompile pc=0x000000000541f4dc method=java.util.HashMap.putVal(ILjava/lang/Object;Ljava/lang/Object;ZZ)Ljava/lang/Object; @ 203
Event: 4382.087 Thread 0x0000000021bd0000 Uncommon trap: reason=bimorphic action=maybe_recompile pc=0x000000000541f4dc method=java.util.HashMap.putVal(ILjava/lang/Object;Ljava/lang/Object;ZZ)Ljava/lang/Object; @ 203
Event: 4382.087 Thread 0x0000000021bd0000 Uncommon trap: reason=bimorphic action=maybe_recompile pc=0x000000000541f4dc method=java.util.HashMap.putVal(ILjava/lang/Object;Ljava/lang/Object;ZZ)Ljava/lang/Object; @ 203
Event: 4382.087 Thread 0x0000000021bd0000 Uncommon trap: reason=bimorphic action=maybe_recompile pc=0x000000000541f4dc method=java.util.HashMap.putVal(ILjava/lang/Object;Ljava/lang/Object;ZZ)Ljava/lang/Object; @ 203

Classes redefined (0 events):
No events

Internal exceptions (10 events):
Event: 5.221 Thread 0x0000000021bd0000 Exception <a 'java/lang/ClassNotFoundException': org/apache/log4j/PatternLayoutBeanInfo> (0x000000076d001d60) thrown at [C:\re\workspace\8-2-build-windows-amd64-cygwin\jdk8u152\9742\hotspot\src\share\vm\classfile\systemDictionary.cpp, line 210]
Event: 5.221 Thread 0x0000000021bd0000 Exception <a 'java/lang/ClassNotFoundException': org/apache/log4j/LayoutBeanInfo> (0x000000076d00bf28) thrown at [C:\re\workspace\8-2-build-windows-amd64-cygwin\jdk8u152\9742\hotspot\src\share\vm\classfile\systemDictionary.cpp, line 210]
Event: 5.221 Thread 0x0000000021bd0000 Exception <a 'java/lang/ClassNotFoundException': java/lang/ObjectBeanInfo> (0x000000076d010c88) thrown at [C:\re\workspace\8-2-build-windows-amd64-cygwin\jdk8u152\9742\hotspot\src\share\vm\classfile\systemDictionary.cpp, line 210]
Event: 5.221 Thread 0x0000000021bd0000 Exception <a 'java/lang/ClassNotFoundException': java/lang/ObjectCustomizer> (0x000000076d015b40) thrown at [C:\re\workspace\8-2-build-windows-amd64-cygwin\jdk8u152\9742\hotspot\src\share\vm\classfile\systemDictionary.cpp, line 210]
Event: 5.223 Thread 0x0000000021bd0000 Exception <a 'java/lang/ArrayIndexOutOfBoundsException': 18> (0x000000076d018498) thrown at [C:\re\workspace\8-2-build-windows-amd64-cygwin\jdk8u152\9742\hotspot\src\share\vm\interpreter\interpreterRuntime.cpp, line 366]
Event: 5.224 Thread 0x0000000021bd0000 Exception <a 'java/lang/ArrayIndexOutOfBoundsException': 22> (0x000000076d01b9e0) thrown at [C:\re\workspace\8-2-build-windows-amd64-cygwin\jdk8u152\9742\hotspot\src\share\vm\interpreter\interpreterRuntime.cpp, line 366]
Event: 5.225 Thread 0x0000000021bd0000 Exception <a 'java/lang/ArrayIndexOutOfBoundsException': 160> (0x000000076d01dfa0) thrown at [C:\re\workspace\8-2-build-windows-amd64-cygwin\jdk8u152\9742\hotspot\src\share\vm\interpreter\interpreterRuntime.cpp, line 366]
Event: 5.226 Thread 0x0000000021bd0000 Exception <a 'java/lang/ClassNotFoundException': org/apache/log4j/LayoutCustomizer> (0x000000076d02a908) thrown at [C:\re\workspace\8-2-build-windows-amd64-cygwin\jdk8u152\9742\hotspot\src\share\vm\classfile\systemDictionary.cpp, line 210]
Event: 5.227 Thread 0x0000000021bd0000 Exception <a 'java/lang/ClassNotFoundException': org/apache/log4j/PatternLayoutCustomizer> (0x000000076d045ab0) thrown at [C:\re\workspace\8-2-build-windows-amd64-cygwin\jdk8u152\9742\hotspot\src\share\vm\classfile\systemDictionary.cpp, line 210]
Event: 6.780 Thread 0x0000000021bd0000 Exception <a 'java/io/FileNotFoundException'> (0x000000076db2f078) thrown at [C:\re\workspace\8-2-build-windows-amd64-cygwin\jdk8u152\9742\hotspot\src\share\vm\prims\jni.cpp, line 709]

Events (10 events):
Event: 4382.087 Thread 0x0000000021bd0000 DEOPT PACKING pc=0x000000000541f4dc sp=0x0000000022a2e340
Event: 4382.087 Thread 0x0000000021bd0000 DEOPT UNPACKING pc=0x000000000503582a sp=0x0000000022a2e268 mode 2
Event: 10099.808 loading class sun/awt/windows/WToolkit$3
Event: 10099.809 loading class sun/awt/windows/WToolkit$3 done
Event: 10099.812 loading class java/util/WeakHashMap$KeyIterator
Event: 10099.815 loading class java/util/WeakHashMap$HashIterator
Event: 10099.817 loading class java/util/WeakHashMap$HashIterator done
Event: 10099.817 loading class java/util/WeakHashMap$KeyIterator done
Event: 10099.925 loading class javax/swing/RepaintManager$DisplayChangedRunnable
Event: 10099.925 loading class javax/swing/RepaintManager$DisplayChangedRunnable done


Dynamic libraries:
0x00007ff624630000 - 0x00007ff624667000 	C:\Program Files\Java\jre1.8.0_152\bin\javaw.exe
0x00007ff939b50000 - 0x00007ff939d30000 	C:\WINDOWS\SYSTEM32\ntdll.dll
0x00007ff937e40000 - 0x00007ff937eee000 	C:\WINDOWS\System32\KERNEL32.DLL
0x00007ff935f50000 - 0x00007ff9361b6000 	C:\WINDOWS\System32\KERNELBASE.dll
0x00007ff937bf0000 - 0x00007ff937c91000 	C:\WINDOWS\System32\ADVAPI32.dll
0x00007ff9374a0000 - 0x00007ff93753d000 	C:\WINDOWS\System32\msvcrt.dll
0x00007ff937540000 - 0x00007ff93759b000 	C:\WINDOWS\System32\sechost.dll
0x00007ff937210000 - 0x00007ff93732f000 	C:\WINDOWS\System32\RPCRT4.dll
0x00007ff937020000 - 0x00007ff9371af000 	C:\WINDOWS\System32\USER32.dll
0x00007ff937000000 - 0x00007ff937020000 	C:\WINDOWS\System32\win32u.dll
0x00007ff937710000 - 0x00007ff937738000 	C:\WINDOWS\System32\GDI32.dll
0x00007ff936610000 - 0x00007ff9367a3000 	C:\WINDOWS\System32\gdi32full.dll
0x00007ff936f00000 - 0x00007ff936f9b000 	C:\WINDOWS\System32\msvcp_win.dll
0x00007ff936490000 - 0x00007ff936586000 	C:\WINDOWS\System32\ucrtbase.dll
0x00007ff929090000 - 0x00007ff9292f9000 	C:\WINDOWS\WinSxS\amd64_microsoft.windows.common-controls_6595b64144ccf1df_6.0.16299.431_none_15c7d3ee93659e73\COMCTL32.dll
0x00007ff937740000 - 0x00007ff937a48000 	C:\WINDOWS\System32\combase.dll
0x00007ff936590000 - 0x00007ff936602000 	C:\WINDOWS\System32\bcryptPrimitives.dll
0x00007ff937cc0000 - 0x00007ff937ced000 	C:\WINDOWS\System32\IMM32.DLL
0x000000006ce60000 - 0x000000006cf32000 	C:\Program Files\Java\jre1.8.0_152\bin\msvcr100.dll
0x000000006daf0000 - 0x000000006e390000 	C:\Program Files\Java\jre1.8.0_152\bin\server\jvm.dll
0x00007ff937cb0000 - 0x00007ff937cb8000 	C:\WINDOWS\System32\PSAPI.DLL
0x00007ff931d80000 - 0x00007ff931da3000 	C:\WINDOWS\SYSTEM32\WINMM.dll
0x00007ff92b1e0000 - 0x00007ff92b1e9000 	C:\WINDOWS\SYSTEM32\WSOCK32.dll
0x00007ff9312e0000 - 0x00007ff9312ea000 	C:\WINDOWS\SYSTEM32\VERSION.dll
0x00007ff937a50000 - 0x00007ff937abc000 	C:\WINDOWS\System32\WS2_32.dll
0x00007ff931d20000 - 0x00007ff931d4a000 	C:\WINDOWS\SYSTEM32\WINMMBASE.dll
0x00007ff9361c0000 - 0x00007ff93620a000 	C:\WINDOWS\System32\cfgmgr32.dll
0x000000006da00000 - 0x000000006da0f000 	C:\Program Files\Java\jre1.8.0_152\bin\verify.dll
0x000000006d9d0000 - 0x000000006d9f9000 	C:\Program Files\Java\jre1.8.0_152\bin\java.dll
0x000000006d9b0000 - 0x000000006d9c6000 	C:\Program Files\Java\jre1.8.0_152\bin\zip.dll
0x00007ff938660000 - 0x00007ff939a98000 	C:\WINDOWS\System32\SHELL32.dll
0x00007ff937d90000 - 0x00007ff937e36000 	C:\WINDOWS\System32\shcore.dll
0x00007ff9367b0000 - 0x00007ff936ef7000 	C:\WINDOWS\System32\windows.storage.dll
0x00007ff9371b0000 - 0x00007ff937201000 	C:\WINDOWS\System32\shlwapi.dll
0x00007ff935f10000 - 0x00007ff935f21000 	C:\WINDOWS\System32\kernel.appcore.dll
0x00007ff935ec0000 - 0x00007ff935f0c000 	C:\WINDOWS\System32\powrprof.dll
0x00007ff935ea0000 - 0x00007ff935ebb000 	C:\WINDOWS\System32\profapi.dll
0x000000006d150000 - 0x000000006d2e8000 	C:\Program Files\Java\jre1.8.0_152\bin\awt.dll
0x00007ff937ac0000 - 0x00007ff937b85000 	C:\WINDOWS\System32\OLEAUT32.dll
0x00007ff933720000 - 0x00007ff9337a8000 	C:\WINDOWS\SYSTEM32\apphelp.dll
0x00007ff933850000 - 0x00007ff9338e5000 	C:\WINDOWS\system32\uxtheme.dll
0x00007ff937330000 - 0x00007ff937497000 	C:\WINDOWS\System32\MSCTF.dll
0x00007ff8fcea0000 - 0x00007ff8fcee9000 	C:\Program Files\ASUSTeKcomputer.Inc\SS2\UserInterface\x64\SS2OSD.dll
0x00007ff905d90000 - 0x00007ff905dc3000 	C:\Program Files\ASUSTeKcomputer.Inc\SS2\UserInterface\x64\SS2DevProps.dll
0x00007ff9375a0000 - 0x00007ff9376e9000 	C:\WINDOWS\System32\ole32.dll
0x00007ff934580000 - 0x00007ff9345aa000 	C:\WINDOWS\system32\dwmapi.dll
0x0000000022720000 - 0x00000000227be000 	C:\WINDOWS\System32\clbcatq.dll
0x00007ff92f430000 - 0x00007ff92f49f000 	C:\WINDOWS\System32\MMDevApi.dll
0x00007ff933e00000 - 0x00007ff933fb1000 	C:\WINDOWS\System32\PROPSYS.dll
0x00007ff935cb0000 - 0x00007ff935cd7000 	C:\WINDOWS\System32\DEVOBJ.dll
0x00007ff91b140000 - 0x00007ff91b262000 	C:\WINDOWS\SYSTEM32\AUDIOSES.DLL
0x00007ff931e70000 - 0x00007ff931fa6000 	C:\WINDOWS\SYSTEM32\wintypes.dll
0x00007ff9317d0000 - 0x00007ff9317da000 	C:\WINDOWS\SYSTEM32\AVRT.dll
0x00007ff906e40000 - 0x00007ff906f5e000 	C:\WINDOWS\system32\opengl32.dll
0x00007ff9314b0000 - 0x00007ff9314dc000 	C:\WINDOWS\SYSTEM32\GLU32.dll
0x00007ff935330000 - 0x00007ff935363000 	C:\WINDOWS\system32\rsaenh.dll
0x00007ff935a00000 - 0x00007ff935a25000 	C:\WINDOWS\SYSTEM32\bcrypt.dll
0x00007ff935910000 - 0x00007ff93591b000 	C:\WINDOWS\SYSTEM32\CRYPTBASE.dll
0x000000006d100000 - 0x000000006d147000 	C:\Program Files\Java\jre1.8.0_152\bin\fontmanager.dll
0x00007ff922cf0000 - 0x00007ff922d88000 	C:\WINDOWS\System32\TextInputFramework.dll
0x00007ff92f8c0000 - 0x00007ff92fbae000 	C:\WINDOWS\System32\CoreUIComponents.dll
0x00007ff933110000 - 0x00007ff9331ec000 	C:\WINDOWS\System32\CoreMessaging.dll
0x00007ff934fd0000 - 0x00007ff935001000 	C:\WINDOWS\SYSTEM32\ntmarta.dll
0x000000006d990000 - 0x000000006d9aa000 	C:\Program Files\Java\jre1.8.0_152\bin\net.dll
0x00007ff935730000 - 0x00007ff935796000 	C:\WINDOWS\system32\mswsock.dll
0x000000006d970000 - 0x000000006d981000 	C:\Program Files\Java\jre1.8.0_152\bin\nio.dll
0x000000006d0b0000 - 0x000000006d0f2000 	C:\Program Files\Java\jre1.8.0_152\bin\t2k.dll
0x00007ff930370000 - 0x00007ff93051b000 	C:\WINDOWS\SYSTEM32\WindowsCodecs.dll
0x00007ff915990000 - 0x00007ff9159df000 	C:\WINDOWS\system32\dataexchange.dll
0x00007ff9331f0000 - 0x00007ff933332000 	C:\WINDOWS\system32\dcomp.dll
0x00007ff932860000 - 0x00007ff932b42000 	C:\WINDOWS\system32\d3d11.dll
0x00007ff934d00000 - 0x00007ff934daf000 	C:\WINDOWS\system32\dxgi.dll
0x00007ff934390000 - 0x00007ff93450b000 	C:\WINDOWS\system32\twinapi.appcore.dll
0x00007ff934280000 - 0x00007ff9342a0000 	C:\WINDOWS\system32\RMCLIENT.dll
0x00007ff92dd70000 - 0x00007ff92df05000 	C:\WINDOWS\system32\d3d9.dll
0x00007ff92d1d0000 - 0x00007ff92d2bb000 	C:\WINDOWS\System32\DriverStore\FileRepository\nvami.inf_amd64_22fbea6bbc185918\nvldumdx.dll
0x00007ff9362c0000 - 0x00007ff93648e000 	C:\WINDOWS\System32\crypt32.dll
0x00007ff935f30000 - 0x00007ff935f42000 	C:\WINDOWS\System32\MSASN1.dll
0x00007ff936fa0000 - 0x00007ff936ff8000 	C:\WINDOWS\System32\WINTRUST.DLL
0x00007ff9376f0000 - 0x00007ff93770d000 	C:\WINDOWS\System32\imagehlp.dll
0x00007ff9358f0000 - 0x00007ff935907000 	C:\WINDOWS\SYSTEM32\CRYPTSP.dll
0x00007ff8ef060000 - 0x00007ff8f0287000 	C:\WINDOWS\System32\DriverStore\FileRepository\nvami.inf_amd64_22fbea6bbc185918\nvd3dumx.dll
0x00007ff934940000 - 0x00007ff934b08000 	C:\WINDOWS\SYSTEM32\dbghelp.dll

VM Arguments:
jvm_args: -Dfile.encoding=UTF-8 
java_command: org.exactlearner.ui.StartUILearner
java_class_path (initial): C:\Program Files\Java\jre1.8.0_152\lib\resources.jar;C:\Program Files\Java\jre1.8.0_152\lib\rt.jar;C:\Program Files\Java\jre1.8.0_152\lib\jsse.jar;C:\Program Files\Java\jre1.8.0_152\lib\jce.jar;C:\Program Files\Java\jre1.8.0_152\lib\charsets.jar;C:\Program Files\Java\jre1.8.0_152\lib\jfr.jar;C:\Program Files\Java\jre1.8.0_152\lib\ext\access-bridge-64.jar;C:\Program Files\Java\jre1.8.0_152\lib\ext\cldrdata.jar;C:\Program Files\Java\jre1.8.0_152\lib\ext\dnsns.jar;C:\Program Files\Java\jre1.8.0_152\lib\ext\jaccess.jar;C:\Program Files\Java\jre1.8.0_152\lib\ext\jfxrt.jar;C:\Program Files\Java\jre1.8.0_152\lib\ext\localedata.jar;C:\Program Files\Java\jre1.8.0_152\lib\ext\nashorn.jar;C:\Program Files\Java\jre1.8.0_152\lib\ext\sunec.jar;C:\Program Files\Java\jre1.8.0_152\lib\ext\sunjce_provider.jar;C:\Program Files\Java\jre1.8.0_152\lib\ext\sunmscapi.jar;C:\Program Files\Java\jre1.8.0_152\lib\ext\sunpkcs11.jar;C:\Program Files\Java\jre1.8.0_152\lib\ext\zipfs.jar;D:\Downloads\ExactLearner-master\target\classes;C:\Users\ricar\.m2\repository\org\semanticweb\elk\elk-owlapi\0.4.0\elk-owlapi-0.4.0.jar;C:\Users\ricar\.m2\repository\net\sourceforge\owlapi\owlapi-apibinding\3.4.4\owlapi-apibinding-3.4.4.jar;C:\Users\ricar\.m2\repository\net\sourceforge\owlapi\owlapi-parsers\3.4.4\owlapi-parsers-3.4.4.jar;C:\Users\ricar\.m2\repository\net\sourceforge\owlapi\owlapi-tools\3.4.4\owlapi-tools-3.4.4.jar;C:\Users\ricar\.m2\repository\org\apache\felix\org.osgi.core\1.0.0\org.osgi.core-1.0.0.jar;C:\Users\ricar\.m2\repository\net\sourceforge\owlapi\owlapi-api\3.4.4\owlapi-api-3.4.4.jar;C:\Users\ricar\.m2\repository\net\sourceforge\owlapi\owlapi-impl\3.4.4\owlapi-impl-3.4.4.jar;C:\Users\ricar\.m2\repository\org\semanticweb\elk\elk-owl-model\0.4.0\elk-owl-model-0.4.0.jar;C:\Users\ricar\.m2\repository\org\semanticweb\elk\elk-owl-implementation\0.4.0\elk-owl-implementation-0.4.0.jar;C:\Users\ricar\.m2\repository\org\semanticweb\elk\elk-util-hashing\0.4.0\elk-util-has
Launcher Type: SUN_STANDARD

Environment Variables:
CLASSPATH=C:\Program Files\Java\jre1.8.0_152\lib
PATH=C:/Program Files/Java/jre1.8.0_152/bin/server;C:/Program Files/Java/jre1.8.0_152/bin;C:/Program Files/Java/jre1.8.0_152/lib/amd64;C:\ProgramData\Oracle\Java\javapath;C:\Program Files (x86)\Intel\iCLS Client\;C:\Program Files\Intel\iCLS Client\;C:\Windows\system32;C:\Windows;C:\Windows\System32\Wbem;C:\Windows\System32\WindowsPowerShell\v1.0\;C:\Program Files (x86)\NVIDIA Corporation\PhysX\Common;C:\Program Files (x86)\Intel\Intel(R) Management Engine Components\DAL;C:\Program Files\Intel\Intel(R) Management Engine Components\DAL;C:\Program Files (x86)\Intel\Intel(R) Management Engine Components\IPT;C:\Program Files\Intel\Intel(R) Management Engine Components\IPT;C:\WINDOWS\system32;C:\WINDOWS;C:\WINDOWS\System32\Wbem;C:\WINDOWS\System32\WindowsPowerShell\v1.0\;C:\Program Files\Intel\WiFi\bin\;C:\Program Files\Common Files\Intel\WirelessCommon\;C:\Mav\apache-maven-3.5.2\bin;C:\Program Files\MiKTeX 2.9\miktex\bin\x64\;C:\Program Files\Java\jdk1.8.0_152\bin;C:\Users\ricar\AppData\Local\Microsoft\WindowsApps;C:\Users\ricar\AppData\Local\GitHubDesktop\bin;C:\Users\ricar\Desktop\java-oxygen\eclipse;
USERNAME=ricar
OS=Windows_NT
PROCESSOR_IDENTIFIER=Intel64 Family 6 Model 158 Stepping 9, GenuineIntel



---------------  S Y S T E M  ---------------

OS: Windows 10.0 , 64 bit Build 16299 (10.0.16299.431)

CPU:total 8 (initial active 8) (4 cores per cpu, 2 threads per core) family 6 model 158 stepping 9, cmov, cx8, fxsr, mmx, sse, sse2, sse3, ssse3, sse4.1, sse4.2, popcnt, avx, avx2, aes, clmul, erms, 3dnowpref, lzcnt, ht, tsc, tscinvbit, bmi1, bmi2, adx

Memory: 4k page, physical 16729548k(7009084k free), swap 22671180k(3598720k free)

vm_info: Java HotSpot(TM) 64-Bit Server VM (25.152-b16) for windows-amd64 JRE (1.8.0_152-b16), built on Sep 14 2017 02:29:36 by "java_re" with MS VC++ 10.0 (VS2010)

time: Thu May 17 13:46:28 2018
elapsed time: 12043 seconds (0d 3h 20m 43s)

